C:\Users\tylermenezes\Desktop\RfidLoginProvider\Provider\CredUILauncher\Win32\Debug\cl.command.1.tlog
C:\Users\tylermenezes\Desktop\RfidLoginProvider\Provider\CredUILauncher\Win32\Debug\CL.read.1.tlog
C:\Users\tylermenezes\Desktop\RfidLoginProvider\Provider\CredUILauncher\Win32\Debug\CL.write.1.tlog
C:\USERS\TYLERMENEZES\DESKTOP\RFIDLOGINPROVIDER\PROVIDER\CREDUILAUNCHER\WIN32\DEBUG\CREDUILAUNCHER.EXE.EMBED.MANIFEST
C:\USERS\TYLERMENEZES\DESKTOP\RFIDLOGINPROVIDER\PROVIDER\CREDUILAUNCHER\WIN32\DEBUG\CREDUILAUNCHER.EXE.EMBED.MANIFEST.RES
C:\USERS\TYLERMENEZES\DESKTOP\RFIDLOGINPROVIDER\PROVIDER\CREDUILAUNCHER\WIN32\DEBUG\CREDUILAUNCHER.EXE.INTERMEDIATE.MANIFEST
C:\USERS\TYLERMENEZES\DESKTOP\RFIDLOGINPROVIDER\PROVIDER\CREDUILAUNCHER\WIN32\DEBUG\CREDUILAUNCHER.OBJ
C:\USERS\TYLERMENEZES\DESKTOP\RFIDLOGINPROVIDER\PROVIDER\CREDUILAUNCHER\WIN32\DEBUG\CREDUILAUNCHER.PCH
C:\Users\tylermenezes\Desktop\RfidLoginProvider\Provider\CredUILauncher\Win32\Debug\CredUILauncher_manifest.rc
C:\Users\tylermenezes\Desktop\RfidLoginProvider\Provider\CredUILauncher\Win32\Debug\link.4488.read.1.tlog
C:\Users\tylermenezes\Desktop\RfidLoginProvider\Provider\CredUILauncher\Win32\Debug\link.4488.write.1.tlog
C:\Users\tylermenezes\Desktop\RfidLoginProvider\Provider\CredUILauncher\Win32\Debug\link.4488-cvtres.read.1.tlog
C:\Users\tylermenezes\Desktop\RfidLoginProvider\Provider\CredUILauncher\Win32\Debug\link.4488-cvtres.write.1.tlog
C:\Users\tylermenezes\Desktop\RfidLoginProvider\Provider\CredUILauncher\Win32\Debug\link.command.1.tlog
C:\Users\tylermenezes\Desktop\RfidLoginProvider\Provider\CredUILauncher\Win32\Debug\link.read.1.tlog
C:\Users\tylermenezes\Desktop\RfidLoginProvider\Provider\CredUILauncher\Win32\Debug\link.write.1.tlog
C:\Users\tylermenezes\Desktop\RfidLoginProvider\Provider\CredUILauncher\Win32\Debug\link-cvtres.read.1.tlog
C:\Users\tylermenezes\Desktop\RfidLoginProvider\Provider\CredUILauncher\Win32\Debug\link-cvtres.write.1.tlog
C:\Users\tylermenezes\Desktop\RfidLoginProvider\Provider\CredUILauncher\Win32\Debug\mt.command.1.tlog
C:\Users\tylermenezes\Desktop\RfidLoginProvider\Provider\CredUILauncher\Win32\Debug\mt.read.1.tlog
C:\Users\tylermenezes\Desktop\RfidLoginProvider\Provider\CredUILauncher\Win32\Debug\mt.write.1.tlog
C:\Users\tylermenezes\Desktop\RfidLoginProvider\Provider\CredUILauncher\Win32\Debug\rc.command.1.tlog
C:\Users\tylermenezes\Desktop\RfidLoginProvider\Provider\CredUILauncher\Win32\Debug\rc.read.1.tlog
C:\Users\tylermenezes\Desktop\RfidLoginProvider\Provider\CredUILauncher\Win32\Debug\rc.write.1.tlog
C:\USERS\TYLERMENEZES\DESKTOP\RFIDLOGINPROVIDER\PROVIDER\CREDUILAUNCHER\WIN32\DEBUG\STDAFX.OBJ
C:\Users\tylermenezes\Desktop\RfidLoginProvider\Provider\CredUILauncher\Win32\Debug\vc100.idb
C:\USERS\TYLERMENEZES\DESKTOP\RFIDLOGINPROVIDER\PROVIDER\CREDUILAUNCHER\WIN32\DEBUG\VC100.PDB
C:\USERS\TYLERMENEZES\DESKTOP\RFIDLOGINPROVIDER\WIN32\DEBUG\CREDUILAUNCHER.EXE
C:\USERS\TYLERMENEZES\DESKTOP\RFIDLOGINPROVIDER\WIN32\DEBUG\CREDUILAUNCHER.ILK
C:\USERS\TYLERMENEZES\DESKTOP\RFIDLOGINPROVIDER\WIN32\DEBUG\CREDUILAUNCHER.PDB
