Build started 3/1/2011 11:01:30 PM.
     1>Project "C:\Users\tylermenezes\Desktop\RfidLoginProvider\Provider\CredUILauncher\CredUILauncher.vcxproj" on node 3 (rebuild target(s)).
     1>_PrepareForClean:
         Deleting file "Win32\Debug\CredUILauncher.lastbuildstate".
       InitializeBuildStatus:
         Creating "Win32\Debug\CredUILauncher.unsuccessfulbuild" because "AlwaysCreate" was specified.
       ClCompile:
         C:\Program Files (x86)\Microsoft Visual Studio 10.0\VC\bin\CL.exe /c /ZI /nologo /W3 /WX- /Od /Oy- /D WIN32 /D _DEBUG /D _CONSOLE /D _UNICODE /D UNICODE /Gm /EHsc /RTC1 /MDd /GS /fp:precise /Zc:wchar_t /Zc:forScope /Yc"StdAfx.h" /Fp"Win32\Debug\CredUILauncher.pch" /Fo"Win32\Debug\\" /Fd"Win32\Debug\vc100.pdb" /Gd /TP /analyze- /errorReport:prompt stdafx.cpp
         stdafx.cpp
         C:\Program Files (x86)\Microsoft Visual Studio 10.0\VC\bin\CL.exe /c /ZI /nologo /W3 /WX- /Od /Oy- /D WIN32 /D _DEBUG /D _CONSOLE /D _UNICODE /D UNICODE /Gm /EHsc /RTC1 /MDd /GS /fp:precise /Zc:wchar_t /Zc:forScope /Yu"StdAfx.h" /Fp"Win32\Debug\CredUILauncher.pch" /Fo"Win32\Debug\\" /Fd"Win32\Debug\vc100.pdb" /Gd /TP /analyze- /errorReport:prompt CredUILauncher.cpp
         CredUILauncher.cpp
       ManifestResourceCompile:
         c:\Program Files (x86)\Microsoft SDKs\Windows\v7.0A\bin\rc.exe /nologo /fo"Win32\Debug\CredUILauncher.exe.embed.manifest.res" Win32\Debug\CredUILauncher_manifest.rc 
       Link:
         C:\Program Files (x86)\Microsoft Visual Studio 10.0\VC\bin\link.exe /ERRORREPORT:PROMPT /OUT:"C:\Users\tylermenezes\Desktop\RfidLoginProvider\Win32\Debug\CredUILauncher.exe" /INCREMENTAL /NOLOGO CredUi.lib kernel32.lib user32.lib gdi32.lib winspool.lib comdlg32.lib advapi32.lib shell32.lib ole32.lib oleaut32.lib uuid.lib odbc32.lib odbccp32.lib /MANIFEST /ManifestFile:"Win32\Debug\CredUILauncher.exe.intermediate.manifest" /MANIFESTUAC:"level='asInvoker' uiAccess='false'" /DEBUG /PDB:"C:\Users\tylermenezes\Desktop\RfidLoginProvider\Win32\Debug\CredUILauncher.pdb" /SUBSYSTEM:CONSOLE /TLBID:1 /DYNAMICBASE /NXCOMPAT /IMPLIB:"C:\Users\tylermenezes\Desktop\RfidLoginProvider\Win32\Debug\CredUILauncher.lib" /MACHINE:X86 Win32\Debug\CredUILauncher.exe.embed.manifest.res
         Win32\Debug\CredUILauncher.obj
         Win32\Debug\stdafx.obj
       Manifest:
         Deleting file "Win32\Debug\CredUILauncher.exe.embed.manifest".
         c:\Program Files (x86)\Microsoft SDKs\Windows\v7.0A\bin\mt.exe /nologo /verbose /out:"Win32\Debug\CredUILauncher.exe.embed.manifest" /manifest Win32\Debug\CredUILauncher.exe.intermediate.manifest
         c:\Program Files (x86)\Microsoft SDKs\Windows\v7.0A\bin\rc.exe /nologo /fo"Win32\Debug\CredUILauncher.exe.embed.manifest.res" Win32\Debug\CredUILauncher_manifest.rc 
       LinkEmbedManifest:
         C:\Program Files (x86)\Microsoft Visual Studio 10.0\VC\bin\link.exe /ERRORREPORT:PROMPT /OUT:"C:\Users\tylermenezes\Desktop\RfidLoginProvider\Win32\Debug\CredUILauncher.exe" /INCREMENTAL /NOLOGO CredUi.lib kernel32.lib user32.lib gdi32.lib winspool.lib comdlg32.lib advapi32.lib shell32.lib ole32.lib oleaut32.lib uuid.lib odbc32.lib odbccp32.lib /MANIFEST /ManifestFile:"Win32\Debug\CredUILauncher.exe.intermediate.manifest" /MANIFESTUAC:"level='asInvoker' uiAccess='false'" /DEBUG /PDB:"C:\Users\tylermenezes\Desktop\RfidLoginProvider\Win32\Debug\CredUILauncher.pdb" /SUBSYSTEM:CONSOLE /TLBID:1 /DYNAMICBASE /NXCOMPAT /IMPLIB:"C:\Users\tylermenezes\Desktop\RfidLoginProvider\Win32\Debug\CredUILauncher.lib" /MACHINE:X86 Win32\Debug\CredUILauncher.exe.embed.manifest.res
         Win32\Debug\CredUILauncher.obj
         Win32\Debug\stdafx.obj
         CredUILauncher.vcxproj -> C:\Users\tylermenezes\Desktop\RfidLoginProvider\Win32\Debug\CredUILauncher.exe
       FinalizeBuildStatus:
         Deleting file "Win32\Debug\CredUILauncher.unsuccessfulbuild".
         Touching "Win32\Debug\CredUILauncher.lastbuildstate".
     1>Done Building Project "C:\Users\tylermenezes\Desktop\RfidLoginProvider\Provider\CredUILauncher\CredUILauncher.vcxproj" (rebuild target(s)).

Build succeeded.

Time Elapsed 00:00:01.42
