Build started 3/2/2011 12:21:46 AM.
     1>Project "C:\Users\tylermenezes\Desktop\RfidLoginProvider\Provider\CredUILauncher\CredUILauncher.vcxproj" on node 3 (rebuild target(s)).
     1>_PrepareForClean:
         Deleting file "x64\Release\CredUILauncher.lastbuildstate".
       InitializeBuildStatus:
         Creating "x64\Release\CredUILauncher.unsuccessfulbuild" because "AlwaysCreate" was specified.
       ClCompile:
         C:\Program Files (x86)\Microsoft Visual Studio 10.0\VC\bin\x86_amd64\CL.exe /c /Zi /nologo /W3 /WX- /O2 /Oi /GL /D WIN32 /D NDEBUG /D _CONSOLE /D _UNICODE /D UNICODE /Gm- /EHsc /MD /GS /Gy /fp:precise /Zc:wchar_t /Zc:forScope /Yc"StdAfx.h" /Fp"x64\Release\CredUILauncher.pch" /Fo"x64\Release\\" /Fd"x64\Release\vc100.pdb" /Gd /TP /errorReport:prompt stdafx.cpp
         stdafx.cpp
         C:\Program Files (x86)\Microsoft Visual Studio 10.0\VC\bin\x86_amd64\CL.exe /c /Zi /nologo /W3 /WX- /O2 /Oi /GL /D WIN32 /D NDEBUG /D _CONSOLE /D _UNICODE /D UNICODE /Gm- /EHsc /MD /GS /Gy /fp:precise /Zc:wchar_t /Zc:forScope /Yu"StdAfx.h" /Fp"x64\Release\CredUILauncher.pch" /Fo"x64\Release\\" /Fd"x64\Release\vc100.pdb" /Gd /TP /errorReport:prompt CredUILauncher.cpp
         CredUILauncher.cpp
       Link:
         C:\Program Files (x86)\Microsoft Visual Studio 10.0\VC\bin\x86_amd64\link.exe /ERRORREPORT:PROMPT /OUT:"C:\Users\tylermenezes\Desktop\RfidLoginProvider\x64\Release\CredUILauncher.exe" /INCREMENTAL:NO /NOLOGO CredUi.lib kernel32.lib user32.lib gdi32.lib winspool.lib comdlg32.lib advapi32.lib shell32.lib ole32.lib oleaut32.lib uuid.lib odbc32.lib odbccp32.lib /MANIFEST /ManifestFile:"x64\Release\CredUILauncher.exe.intermediate.manifest" /MANIFESTUAC:"level='asInvoker' uiAccess='false'" /DEBUG /PDB:"C:\Users\tylermenezes\Desktop\RfidLoginProvider\x64\Release\CredUILauncher.pdb" /SUBSYSTEM:CONSOLE /OPT:REF /OPT:ICF /LTCG /TLBID:1 /DYNAMICBASE /NXCOMPAT /IMPLIB:"C:\Users\tylermenezes\Desktop\RfidLoginProvider\x64\Release\CredUILauncher.lib" /MACHINE:X64 x64\Release\CredUILauncher.obj
         x64\Release\stdafx.obj
         Generating code
         Finished generating code
         CredUILauncher.vcxproj -> C:\Users\tylermenezes\Desktop\RfidLoginProvider\x64\Release\CredUILauncher.exe
       Manifest:
         c:\Program Files (x86)\Microsoft SDKs\Windows\v7.0A\bin\mt.exe /nologo /verbose /outputresource:"C:\Users\tylermenezes\Desktop\RfidLoginProvider\x64\Release\CredUILauncher.exe;#1" /manifest x64\Release\CredUILauncher.exe.intermediate.manifest
       FinalizeBuildStatus:
         Deleting file "x64\Release\CredUILauncher.unsuccessfulbuild".
         Touching "x64\Release\CredUILauncher.lastbuildstate".
     1>Done Building Project "C:\Users\tylermenezes\Desktop\RfidLoginProvider\Provider\CredUILauncher\CredUILauncher.vcxproj" (rebuild target(s)).

Build succeeded.

Time Elapsed 00:00:00.62
