C:\Users\tylermenezes\Desktop\RfidLoginProvider\Provider\RfidCredentialProvider\Win32\Debug\cl.command.1.tlog
C:\Users\tylermenezes\Desktop\RfidLoginProvider\Provider\RfidCredentialProvider\Win32\Debug\CL.read.1.tlog
C:\Users\tylermenezes\Desktop\RfidLoginProvider\Provider\RfidCredentialProvider\Win32\Debug\CL.write.1.tlog
C:\USERS\TYLERMENEZES\DESKTOP\RFIDLOGINPROVIDER\PROVIDER\RFIDCREDENTIALPROVIDER\WIN32\DEBUG\DLL.OBJ
C:\USERS\TYLERMENEZES\DESKTOP\RFIDLOGINPROVIDER\PROVIDER\RFIDCREDENTIALPROVIDER\WIN32\DEBUG\ENCRYPTION.OBJ
C:\USERS\TYLERMENEZES\DESKTOP\RFIDLOGINPROVIDER\PROVIDER\RFIDCREDENTIALPROVIDER\WIN32\DEBUG\GUID.OBJ
C:\USERS\TYLERMENEZES\DESKTOP\RFIDLOGINPROVIDER\PROVIDER\RFIDCREDENTIALPROVIDER\WIN32\DEBUG\HELPERS.OBJ
C:\Users\tylermenezes\Desktop\RfidLoginProvider\Provider\RfidCredentialProvider\Win32\Debug\link.command.1.tlog
C:\Users\tylermenezes\Desktop\RfidLoginProvider\Provider\RfidCredentialProvider\Win32\Debug\link.read.1.tlog
C:\Users\tylermenezes\Desktop\RfidLoginProvider\Provider\RfidCredentialProvider\Win32\Debug\link.write.1.tlog
C:\Users\tylermenezes\Desktop\RfidLoginProvider\Provider\RfidCredentialProvider\Win32\Debug\link-cvtres.read.1.tlog
C:\Users\tylermenezes\Desktop\RfidLoginProvider\Provider\RfidCredentialProvider\Win32\Debug\link-cvtres.write.1.tlog
C:\USERS\TYLERMENEZES\DESKTOP\RFIDLOGINPROVIDER\PROVIDER\RFIDCREDENTIALPROVIDER\WIN32\DEBUG\LOGGER.OBJ
C:\USERS\TYLERMENEZES\DESKTOP\RFIDLOGINPROVIDER\PROVIDER\RFIDCREDENTIALPROVIDER\WIN32\DEBUG\MD5.OBJ
C:\Users\tylermenezes\Desktop\RfidLoginProvider\Provider\RfidCredentialProvider\Win32\Debug\mt.command.1.tlog
C:\Users\tylermenezes\Desktop\RfidLoginProvider\Provider\RfidCredentialProvider\Win32\Debug\mt.read.1.tlog
C:\Users\tylermenezes\Desktop\RfidLoginProvider\Provider\RfidCredentialProvider\Win32\Debug\mt.write.1.tlog
C:\Users\tylermenezes\Desktop\RfidLoginProvider\Provider\RfidCredentialProvider\Win32\Debug\rc.command.1.tlog
C:\Users\tylermenezes\Desktop\RfidLoginProvider\Provider\RfidCredentialProvider\Win32\Debug\rc.read.1.tlog
C:\Users\tylermenezes\Desktop\RfidLoginProvider\Provider\RfidCredentialProvider\Win32\Debug\rc.write.1.tlog
C:\USERS\TYLERMENEZES\DESKTOP\RFIDLOGINPROVIDER\PROVIDER\RFIDCREDENTIALPROVIDER\WIN32\DEBUG\REGISTRY.OBJ
C:\USERS\TYLERMENEZES\DESKTOP\RFIDLOGINPROVIDER\PROVIDER\RFIDCREDENTIALPROVIDER\WIN32\DEBUG\RESOURCES.RES
C:\USERS\TYLERMENEZES\DESKTOP\RFIDLOGINPROVIDER\PROVIDER\RFIDCREDENTIALPROVIDER\WIN32\DEBUG\RFIDCREDENTIAL.OBJ
C:\USERS\TYLERMENEZES\DESKTOP\RFIDLOGINPROVIDER\PROVIDER\RFIDCREDENTIALPROVIDER\WIN32\DEBUG\RFIDCREDENTIALPROVIDER.DLL.EMBED.MANIFEST
C:\USERS\TYLERMENEZES\DESKTOP\RFIDLOGINPROVIDER\PROVIDER\RFIDCREDENTIALPROVIDER\WIN32\DEBUG\RFIDCREDENTIALPROVIDER.DLL.EMBED.MANIFEST.RES
C:\USERS\TYLERMENEZES\DESKTOP\RFIDLOGINPROVIDER\PROVIDER\RFIDCREDENTIALPROVIDER\WIN32\DEBUG\RFIDCREDENTIALPROVIDER.DLL.INTERMEDIATE.MANIFEST
C:\Users\tylermenezes\Desktop\RfidLoginProvider\Provider\RfidCredentialProvider\Win32\Debug\RfidCredentialProvider.write.1.tlog
C:\Users\tylermenezes\Desktop\RfidLoginProvider\Provider\RfidCredentialProvider\Win32\Debug\RfidCredentialProvider_manifest.rc
C:\USERS\TYLERMENEZES\DESKTOP\RFIDLOGINPROVIDER\PROVIDER\RFIDCREDENTIALPROVIDER\WIN32\DEBUG\RFIDPROVIDER.OBJ
C:\USERS\TYLERMENEZES\DESKTOP\RFIDLOGINPROVIDER\PROVIDER\RFIDCREDENTIALPROVIDER\WIN32\DEBUG\RFIDREADER.OBJ
C:\USERS\TYLERMENEZES\DESKTOP\RFIDLOGINPROVIDER\PROVIDER\RFIDCREDENTIALPROVIDER\WIN32\DEBUG\SERIAL.OBJ
C:\USERS\TYLERMENEZES\DESKTOP\RFIDLOGINPROVIDER\PROVIDER\RFIDCREDENTIALPROVIDER\WIN32\DEBUG\SHA1.OBJ
C:\Users\tylermenezes\Desktop\RfidLoginProvider\Provider\RfidCredentialProvider\Win32\Debug\vc100.idb
C:\USERS\TYLERMENEZES\DESKTOP\RFIDLOGINPROVIDER\PROVIDER\RFIDCREDENTIALPROVIDER\WIN32\DEBUG\VC100.PDB
C:\USERS\TYLERMENEZES\DESKTOP\RFIDLOGINPROVIDER\WIN32\DEBUG\RFIDCREDENTIALPROVIDER.DLL
C:\Users\tylermenezes\Desktop\RfidLoginProvider\Win32\Debug\RfidCredentialProvider.exp
C:\USERS\TYLERMENEZES\DESKTOP\RFIDLOGINPROVIDER\WIN32\DEBUG\RFIDCREDENTIALPROVIDER.ILK
C:\Users\tylermenezes\Desktop\RfidLoginProvider\Win32\Debug\RfidCredentialProvider.lib
C:\USERS\TYLERMENEZES\DESKTOP\RFIDLOGINPROVIDER\WIN32\DEBUG\RFIDCREDENTIALPROVIDER.PDB
