C:\Users\tylermenezes\Desktop\RfidLoginProvider\Provider\RfidCredentialProvider\x64\Release\cl.command.1.tlog
C:\Users\tylermenezes\Desktop\RfidLoginProvider\Provider\RfidCredentialProvider\x64\Release\CL.read.1.tlog
C:\Users\tylermenezes\Desktop\RfidLoginProvider\Provider\RfidCredentialProvider\x64\Release\CL.write.1.tlog
C:\USERS\TYLERMENEZES\DESKTOP\RFIDLOGINPROVIDER\PROVIDER\RFIDCREDENTIALPROVIDER\X64\RELEASE\DLL.OBJ
C:\USERS\TYLERMENEZES\DESKTOP\RFIDLOGINPROVIDER\PROVIDER\RFIDCREDENTIALPROVIDER\X64\RELEASE\ENCRYPTION.OBJ
C:\USERS\TYLERMENEZES\DESKTOP\RFIDLOGINPROVIDER\PROVIDER\RFIDCREDENTIALPROVIDER\X64\RELEASE\GUID.OBJ
C:\USERS\TYLERMENEZES\DESKTOP\RFIDLOGINPROVIDER\PROVIDER\RFIDCREDENTIALPROVIDER\X64\RELEASE\HELPERS.OBJ
C:\Users\tylermenezes\Desktop\RfidLoginProvider\Provider\RfidCredentialProvider\x64\Release\link.command.1.tlog
C:\Users\tylermenezes\Desktop\RfidLoginProvider\Provider\RfidCredentialProvider\x64\Release\link.read.1.tlog
C:\Users\tylermenezes\Desktop\RfidLoginProvider\Provider\RfidCredentialProvider\x64\Release\link.write.1.tlog
C:\Users\tylermenezes\Desktop\RfidLoginProvider\Provider\RfidCredentialProvider\x64\Release\link-cvtres.read.1.tlog
C:\Users\tylermenezes\Desktop\RfidLoginProvider\Provider\RfidCredentialProvider\x64\Release\link-cvtres.write.1.tlog
C:\USERS\TYLERMENEZES\DESKTOP\RFIDLOGINPROVIDER\PROVIDER\RFIDCREDENTIALPROVIDER\X64\RELEASE\LOGGER.OBJ
C:\USERS\TYLERMENEZES\DESKTOP\RFIDLOGINPROVIDER\PROVIDER\RFIDCREDENTIALPROVIDER\X64\RELEASE\MD5.OBJ
C:\Users\tylermenezes\Desktop\RfidLoginProvider\Provider\RfidCredentialProvider\x64\Release\mt.command.1.tlog
C:\Users\tylermenezes\Desktop\RfidLoginProvider\Provider\RfidCredentialProvider\x64\Release\mt.read.1.tlog
C:\Users\tylermenezes\Desktop\RfidLoginProvider\Provider\RfidCredentialProvider\x64\Release\mt.write.1.tlog
C:\Users\tylermenezes\Desktop\RfidLoginProvider\Provider\RfidCredentialProvider\x64\Release\rc.command.1.tlog
C:\Users\tylermenezes\Desktop\RfidLoginProvider\Provider\RfidCredentialProvider\x64\Release\rc.read.1.tlog
C:\Users\tylermenezes\Desktop\RfidLoginProvider\Provider\RfidCredentialProvider\x64\Release\rc.write.1.tlog
C:\USERS\TYLERMENEZES\DESKTOP\RFIDLOGINPROVIDER\PROVIDER\RFIDCREDENTIALPROVIDER\X64\RELEASE\REGISTRY.OBJ
C:\USERS\TYLERMENEZES\DESKTOP\RFIDLOGINPROVIDER\PROVIDER\RFIDCREDENTIALPROVIDER\X64\RELEASE\RESOURCES.RES
C:\USERS\TYLERMENEZES\DESKTOP\RFIDLOGINPROVIDER\PROVIDER\RFIDCREDENTIALPROVIDER\X64\RELEASE\RFIDCREDENTIAL.OBJ
C:\USERS\TYLERMENEZES\DESKTOP\RFIDLOGINPROVIDER\PROVIDER\RFIDCREDENTIALPROVIDER\X64\RELEASE\RFIDCREDENTIALPROVIDER.DLL.INTERMEDIATE.MANIFEST
C:\Users\tylermenezes\Desktop\RfidLoginProvider\Provider\RfidCredentialProvider\x64\Release\RfidCredentialProvider.write.1.tlog
C:\USERS\TYLERMENEZES\DESKTOP\RFIDLOGINPROVIDER\PROVIDER\RFIDCREDENTIALPROVIDER\X64\RELEASE\RFIDPROVIDER.OBJ
C:\USERS\TYLERMENEZES\DESKTOP\RFIDLOGINPROVIDER\PROVIDER\RFIDCREDENTIALPROVIDER\X64\RELEASE\RFIDREADER.OBJ
C:\USERS\TYLERMENEZES\DESKTOP\RFIDLOGINPROVIDER\PROVIDER\RFIDCREDENTIALPROVIDER\X64\RELEASE\SERIAL.OBJ
C:\USERS\TYLERMENEZES\DESKTOP\RFIDLOGINPROVIDER\PROVIDER\RFIDCREDENTIALPROVIDER\X64\RELEASE\SHA1.OBJ
C:\USERS\TYLERMENEZES\DESKTOP\RFIDLOGINPROVIDER\PROVIDER\RFIDCREDENTIALPROVIDER\X64\RELEASE\VC100.PDB
C:\USERS\TYLERMENEZES\DESKTOP\RFIDLOGINPROVIDER\X64\RELEASE\RFIDCREDENTIALPROVIDER.DLL
C:\Users\tylermenezes\Desktop\RfidLoginProvider\x64\Release\RfidCredentialProvider.exp
C:\Users\tylermenezes\Desktop\RfidLoginProvider\x64\Release\RfidCredentialProvider.lib
C:\USERS\TYLERMENEZES\DESKTOP\RFIDLOGINPROVIDER\X64\RELEASE\RFIDCREDENTIALPROVIDER.PDB
