Build started 3/2/2011 12:21:46 AM.
     1>Project "C:\Users\tylermenezes\Desktop\RfidLoginProvider\Provider\RfidCredentialProvider\RfidCredentialProvider.vcxproj" on node 2 (rebuild target(s)).
     1>_PrepareForClean:
         Deleting file "x64\Release\RfidCredentialProvider.lastbuildstate".
       InitializeBuildStatus:
         Creating "x64\Release\RfidCredentialProvider.unsuccessfulbuild" because "AlwaysCreate" was specified.
       ClCompile:
         C:\Program Files (x86)\Microsoft Visual Studio 10.0\VC\bin\x86_amd64\CL.exe /c /Zi /nologo /W3 /WX- /O2 /Oi /GL /D WIN32 /D NDEBUG /D _WINDOWS /D _USRDLL /D RFIDCREDENTIALPROVIDER_EXPORTS /D _WINDLL /D _UNICODE /D UNICODE /Gm- /EHsc /MD /GS /Gy /fp:precise /Zc:wchar_t /Zc:forScope /Fo"x64\Release\\" /Fd"x64\Release\vc100.pdb" /Gd /TP /errorReport:prompt Dll.cpp Encryption.cpp guid.cpp helpers.cpp Logger.cpp md5.cpp RfidCredential.cpp RfidProvider.cpp Registry.cpp RfidReader.cpp Serial.cpp SHA1.cpp
         Dll.cpp
         Encryption.cpp
         guid.cpp
         helpers.cpp
     1>C:\Program Files (x86)\Microsoft Visual Studio 10.0\VC\include\cstdio(48): warning C4995: 'gets': name was marked as #pragma deprecated
     1>C:\Program Files (x86)\Microsoft Visual Studio 10.0\VC\include\cstdio(52): warning C4995: 'sprintf': name was marked as #pragma deprecated
     1>C:\Program Files (x86)\Microsoft Visual Studio 10.0\VC\include\cstdio(55): warning C4995: 'vsprintf': name was marked as #pragma deprecated
     1>C:\Program Files (x86)\Microsoft Visual Studio 10.0\VC\include\cstring(21): warning C4995: 'strcat': name was marked as #pragma deprecated
     1>C:\Program Files (x86)\Microsoft Visual Studio 10.0\VC\include\cstring(22): warning C4995: 'strcpy': name was marked as #pragma deprecated
     1>C:\Program Files (x86)\Microsoft Visual Studio 10.0\VC\include\cwchar(30): warning C4995: 'swprintf': name was marked as #pragma deprecated
     1>C:\Program Files (x86)\Microsoft Visual Studio 10.0\VC\include\cwchar(31): warning C4995: 'vswprintf': name was marked as #pragma deprecated
     1>C:\Program Files (x86)\Microsoft Visual Studio 10.0\VC\include\cwchar(33): warning C4995: 'wcscat': name was marked as #pragma deprecated
     1>C:\Program Files (x86)\Microsoft Visual Studio 10.0\VC\include\cwchar(35): warning C4995: 'wcscpy': name was marked as #pragma deprecated
     1>C:\Program Files (x86)\Microsoft Visual Studio 10.0\VC\include\string(757): warning C4995: 'swprintf': name was marked as #pragma deprecated
     1>C:\Program Files (x86)\Microsoft Visual Studio 10.0\VC\include\string(766): warning C4995: 'swprintf': name was marked as #pragma deprecated
     1>C:\Program Files (x86)\Microsoft Visual Studio 10.0\VC\include\string(775): warning C4995: 'swprintf': name was marked as #pragma deprecated
     1>C:\Program Files (x86)\Microsoft Visual Studio 10.0\VC\include\intrin.h(1087): warning C4995: 'wcscat': name was marked as #pragma deprecated
     1>C:\Program Files (x86)\Microsoft Visual Studio 10.0\VC\include\intrin.h(1089): warning C4995: 'wcscpy': name was marked as #pragma deprecated
     1>helpers.cpp(316): warning C4995: 'wcscpy': name was marked as #pragma deprecated
     1>helpers.cpp(316): warning C4996: 'wcscpy': This function or variable may be unsafe. Consider using wcscpy_s instead. To disable deprecation, use _CRT_SECURE_NO_WARNINGS. See online help for details.
                 C:\Program Files (x86)\Microsoft Visual Studio 10.0\VC\include\string.h(283) : see declaration of 'wcscpy'
     1>helpers.cpp(332): warning C4995: 'strcpy': name was marked as #pragma deprecated
     1>helpers.cpp(332): warning C4996: 'strcpy': This function or variable may be unsafe. Consider using strcpy_s instead. To disable deprecation, use _CRT_SECURE_NO_WARNINGS. See online help for details.
                 C:\Program Files (x86)\Microsoft Visual Studio 10.0\VC\include\string.h(105) : see declaration of 'strcpy'
         Logger.cpp
     1>Logger.cpp(17): warning C4996: 'localtime': This function or variable may be unsafe. Consider using localtime_s instead. To disable deprecation, use _CRT_SECURE_NO_WARNINGS. See online help for details.
                 C:\Program Files (x86)\Microsoft Visual Studio 10.0\VC\include\time.inl(112) : see declaration of 'localtime'
     1>Logger.cpp(20): warning C4996: 'fopen': This function or variable may be unsafe. Consider using fopen_s instead. To disable deprecation, use _CRT_SECURE_NO_WARNINGS. See online help for details.
                 C:\Program Files (x86)\Microsoft Visual Studio 10.0\VC\include\stdio.h(234) : see declaration of 'fopen'
         md5.cpp
     1>md5.cpp(114): warning C4267: 'argument' : conversion from 'size_t' to 'MD5::size_type', possible loss of data
     1>md5.cpp(342): warning C4996: 'sprintf': This function or variable may be unsafe. Consider using sprintf_s instead. To disable deprecation, use _CRT_SECURE_NO_WARNINGS. See online help for details.
                 C:\Program Files (x86)\Microsoft Visual Studio 10.0\VC\include\stdio.h(371) : see declaration of 'sprintf'
         RfidCredential.cpp
     1>C:\Program Files (x86)\Microsoft Visual Studio 10.0\VC\include\cstdio(48): warning C4995: 'gets': name was marked as #pragma deprecated
     1>C:\Program Files (x86)\Microsoft Visual Studio 10.0\VC\include\cstdio(52): warning C4995: 'sprintf': name was marked as #pragma deprecated
     1>C:\Program Files (x86)\Microsoft Visual Studio 10.0\VC\include\cstdio(55): warning C4995: 'vsprintf': name was marked as #pragma deprecated
     1>C:\Program Files (x86)\Microsoft Visual Studio 10.0\VC\include\cstring(21): warning C4995: 'strcat': name was marked as #pragma deprecated
     1>C:\Program Files (x86)\Microsoft Visual Studio 10.0\VC\include\cstring(22): warning C4995: 'strcpy': name was marked as #pragma deprecated
     1>C:\Program Files (x86)\Microsoft Visual Studio 10.0\VC\include\cwchar(30): warning C4995: 'swprintf': name was marked as #pragma deprecated
     1>C:\Program Files (x86)\Microsoft Visual Studio 10.0\VC\include\cwchar(31): warning C4995: 'vswprintf': name was marked as #pragma deprecated
     1>C:\Program Files (x86)\Microsoft Visual Studio 10.0\VC\include\cwchar(33): warning C4995: 'wcscat': name was marked as #pragma deprecated
     1>C:\Program Files (x86)\Microsoft Visual Studio 10.0\VC\include\cwchar(35): warning C4995: 'wcscpy': name was marked as #pragma deprecated
     1>C:\Program Files (x86)\Microsoft Visual Studio 10.0\VC\include\string(757): warning C4995: 'swprintf': name was marked as #pragma deprecated
     1>C:\Program Files (x86)\Microsoft Visual Studio 10.0\VC\include\string(766): warning C4995: 'swprintf': name was marked as #pragma deprecated
     1>C:\Program Files (x86)\Microsoft Visual Studio 10.0\VC\include\string(775): warning C4995: 'swprintf': name was marked as #pragma deprecated
     1>C:\Program Files (x86)\Microsoft Visual Studio 10.0\VC\include\intrin.h(1087): warning C4995: 'wcscat': name was marked as #pragma deprecated
     1>C:\Program Files (x86)\Microsoft Visual Studio 10.0\VC\include\intrin.h(1089): warning C4995: 'wcscpy': name was marked as #pragma deprecated
     1>RfidCredential.cpp(68): warning C4995: 'wsprintf': name was marked as #pragma deprecated
     1>RfidCredential.cpp(68): warning C4995: 'wsprintfW': name was marked as #pragma deprecated
         RfidProvider.cpp
     1>C:\Program Files (x86)\Microsoft Visual Studio 10.0\VC\include\cstdio(48): warning C4995: 'gets': name was marked as #pragma deprecated
     1>C:\Program Files (x86)\Microsoft Visual Studio 10.0\VC\include\cstdio(52): warning C4995: 'sprintf': name was marked as #pragma deprecated
     1>C:\Program Files (x86)\Microsoft Visual Studio 10.0\VC\include\cstdio(55): warning C4995: 'vsprintf': name was marked as #pragma deprecated
     1>C:\Program Files (x86)\Microsoft Visual Studio 10.0\VC\include\cstring(21): warning C4995: 'strcat': name was marked as #pragma deprecated
     1>C:\Program Files (x86)\Microsoft Visual Studio 10.0\VC\include\cstring(22): warning C4995: 'strcpy': name was marked as #pragma deprecated
     1>C:\Program Files (x86)\Microsoft Visual Studio 10.0\VC\include\cwchar(30): warning C4995: 'swprintf': name was marked as #pragma deprecated
     1>C:\Program Files (x86)\Microsoft Visual Studio 10.0\VC\include\cwchar(31): warning C4995: 'vswprintf': name was marked as #pragma deprecated
     1>C:\Program Files (x86)\Microsoft Visual Studio 10.0\VC\include\cwchar(33): warning C4995: 'wcscat': name was marked as #pragma deprecated
     1>C:\Program Files (x86)\Microsoft Visual Studio 10.0\VC\include\cwchar(35): warning C4995: 'wcscpy': name was marked as #pragma deprecated
     1>C:\Program Files (x86)\Microsoft Visual Studio 10.0\VC\include\string(757): warning C4995: 'swprintf': name was marked as #pragma deprecated
     1>C:\Program Files (x86)\Microsoft Visual Studio 10.0\VC\include\string(766): warning C4995: 'swprintf': name was marked as #pragma deprecated
     1>C:\Program Files (x86)\Microsoft Visual Studio 10.0\VC\include\string(775): warning C4995: 'swprintf': name was marked as #pragma deprecated
     1>C:\Program Files (x86)\Microsoft Visual Studio 10.0\VC\include\intrin.h(1087): warning C4995: 'wcscat': name was marked as #pragma deprecated
     1>C:\Program Files (x86)\Microsoft Visual Studio 10.0\VC\include\intrin.h(1089): warning C4995: 'wcscpy': name was marked as #pragma deprecated
     1>RfidProvider.cpp(116): warning C4267: 'argument' : conversion from 'size_t' to 'unsigned int', possible loss of data
     1>RfidProvider.cpp(117): warning C4267: 'argument' : conversion from 'size_t' to 'unsigned int', possible loss of data
     1>RfidProvider.cpp(146): warning C4267: 'argument' : conversion from 'size_t' to 'unsigned int', possible loss of data
     1>RfidProvider.cpp(147): warning C4267: 'argument' : conversion from 'size_t' to 'unsigned int', possible loss of data
         Registry.cpp
     1>C:\Program Files (x86)\Microsoft Visual Studio 10.0\VC\include\string(757): warning C4995: 'swprintf': name was marked as #pragma deprecated
     1>C:\Program Files (x86)\Microsoft Visual Studio 10.0\VC\include\string(766): warning C4995: 'swprintf': name was marked as #pragma deprecated
     1>C:\Program Files (x86)\Microsoft Visual Studio 10.0\VC\include\string(775): warning C4995: 'swprintf': name was marked as #pragma deprecated
     1>C:\Program Files (x86)\Microsoft Visual Studio 10.0\VC\include\intrin.h(1087): warning C4995: 'wcscat': name was marked as #pragma deprecated
     1>C:\Program Files (x86)\Microsoft Visual Studio 10.0\VC\include\intrin.h(1089): warning C4995: 'wcscpy': name was marked as #pragma deprecated
         RfidReader.cpp
         Serial.cpp
         SHA1.cpp
       ResourceCompile:
         c:\Program Files (x86)\Microsoft SDKs\Windows\v7.0A\bin\rc.exe /D _UNICODE /D UNICODE /l"0x0409" /nologo /fo"x64\Release\resources.res" resources.rc 
       Link:
         C:\Program Files (x86)\Microsoft Visual Studio 10.0\VC\bin\x86_amd64\link.exe /ERRORREPORT:PROMPT /OUT:"C:\Users\tylermenezes\Desktop\RfidLoginProvider\x64\Release\RfidCredentialProvider.dll" /INCREMENTAL:NO /NOLOGO shlwapi.lib odbc32.lib odbccp32.lib winscard.lib crypt32.lib secur32.lib kernel32.lib kernel32.lib user32.lib gdi32.lib winspool.lib comdlg32.lib advapi32.lib shell32.lib ole32.lib oleaut32.lib uuid.lib odbc32.lib odbccp32.lib /DEF:"rfidcredentialprovider.def" /MANIFEST /ManifestFile:"x64\Release\RfidCredentialProvider.dll.intermediate.manifest" /MANIFESTUAC:"level='asInvoker' uiAccess='false'" /DEBUG /PDB:"C:\Users\tylermenezes\Desktop\RfidLoginProvider\x64\Release\RfidCredentialProvider.pdb" /SUBSYSTEM:WINDOWS /OPT:REF /OPT:ICF /LTCG /TLBID:1 /DYNAMICBASE /NXCOMPAT /IMPLIB:"C:\Users\tylermenezes\Desktop\RfidLoginProvider\x64\Release\RfidCredentialProvider.lib" /MACHINE:X64 /DLL x64\Release\resources.res
         x64\Release\Dll.obj
         x64\Release\Encryption.obj
         x64\Release\guid.obj
         x64\Release\helpers.obj
         x64\Release\Logger.obj
         x64\Release\md5.obj
         x64\Release\RfidCredential.obj
         x64\Release\RfidProvider.obj
         x64\Release\Registry.obj
         x64\Release\RfidReader.obj
         x64\Release\Serial.obj
         x64\Release\SHA1.obj
            Creating library C:\Users\tylermenezes\Desktop\RfidLoginProvider\x64\Release\RfidCredentialProvider.lib and object C:\Users\tylermenezes\Desktop\RfidLoginProvider\x64\Release\RfidCredentialProvider.exp
     1>RfidCredentialProvider.exp : warning LNK4070: /OUT:PASSWORDRESETCREDENTIALPROVIDER.DLL directive in .EXP differs from output filename 'C:\Users\tylermenezes\Desktop\RfidLoginProvider\x64\Release\RfidCredentialProvider.dll'; ignoring directive
         Generating code
         Finished generating code
     1>RfidCredentialProvider.exp : warning LNK4070: /OUT:PASSWORDRESETCREDENTIALPROVIDER.DLL directive in .EXP differs from output filename 'C:\Users\tylermenezes\Desktop\RfidLoginProvider\x64\Release\RfidCredentialProvider.dll'; ignoring directive
         RfidCredentialProvider.vcxproj -> C:\Users\tylermenezes\Desktop\RfidLoginProvider\x64\Release\RfidCredentialProvider.dll
       Manifest:
         c:\Program Files (x86)\Microsoft SDKs\Windows\v7.0A\bin\mt.exe /nologo /verbose /outputresource:"C:\Users\tylermenezes\Desktop\RfidLoginProvider\x64\Release\RfidCredentialProvider.dll;#2" /manifest x64\Release\RfidCredentialProvider.dll.intermediate.manifest
       FinalizeBuildStatus:
         Deleting file "x64\Release\RfidCredentialProvider.unsuccessfulbuild".
         Touching "x64\Release\RfidCredentialProvider.lastbuildstate".
     1>Done Building Project "C:\Users\tylermenezes\Desktop\RfidLoginProvider\Provider\RfidCredentialProvider\RfidCredentialProvider.vcxproj" (rebuild target(s)).

Build succeeded.

Time Elapsed 00:00:05.63
