C:\Users\tylermenezes\Desktop\RfidLoginProvider\Provider\RfidCredentialProvider\x64\Debug\cl.command.1.tlog
C:\Users\tylermenezes\Desktop\RfidLoginProvider\Provider\RfidCredentialProvider\x64\Debug\CL.read.1.tlog
C:\Users\tylermenezes\Desktop\RfidLoginProvider\Provider\RfidCredentialProvider\x64\Debug\CL.write.1.tlog
C:\USERS\TYLERMENEZES\DESKTOP\RFIDLOGINPROVIDER\PROVIDER\RFIDCREDENTIALPROVIDER\X64\DEBUG\DLL.OBJ
C:\USERS\TYLERMENEZES\DESKTOP\RFIDLOGINPROVIDER\PROVIDER\RFIDCREDENTIALPROVIDER\X64\DEBUG\ENCRYPTION.OBJ
C:\USERS\TYLERMENEZES\DESKTOP\RFIDLOGINPROVIDER\PROVIDER\RFIDCREDENTIALPROVIDER\X64\DEBUG\GUID.OBJ
C:\USERS\TYLERMENEZES\DESKTOP\RFIDLOGINPROVIDER\PROVIDER\RFIDCREDENTIALPROVIDER\X64\DEBUG\HELPERS.OBJ
C:\Users\tylermenezes\Desktop\RfidLoginProvider\Provider\RfidCredentialProvider\x64\Debug\link.command.1.tlog
C:\Users\tylermenezes\Desktop\RfidLoginProvider\Provider\RfidCredentialProvider\x64\Debug\link.read.1.tlog
C:\Users\tylermenezes\Desktop\RfidLoginProvider\Provider\RfidCredentialProvider\x64\Debug\link.write.1.tlog
C:\Users\tylermenezes\Desktop\RfidLoginProvider\Provider\RfidCredentialProvider\x64\Debug\link-cvtres.read.1.tlog
C:\Users\tylermenezes\Desktop\RfidLoginProvider\Provider\RfidCredentialProvider\x64\Debug\link-cvtres.write.1.tlog
C:\USERS\TYLERMENEZES\DESKTOP\RFIDLOGINPROVIDER\PROVIDER\RFIDCREDENTIALPROVIDER\X64\DEBUG\LOGGER.OBJ
C:\USERS\TYLERMENEZES\DESKTOP\RFIDLOGINPROVIDER\PROVIDER\RFIDCREDENTIALPROVIDER\X64\DEBUG\MD5.OBJ
C:\Users\tylermenezes\Desktop\RfidLoginProvider\Provider\RfidCredentialProvider\x64\Debug\mt.command.1.tlog
C:\Users\tylermenezes\Desktop\RfidLoginProvider\Provider\RfidCredentialProvider\x64\Debug\mt.read.1.tlog
C:\Users\tylermenezes\Desktop\RfidLoginProvider\Provider\RfidCredentialProvider\x64\Debug\mt.write.1.tlog
C:\Users\tylermenezes\Desktop\RfidLoginProvider\Provider\RfidCredentialProvider\x64\Debug\rc.command.1.tlog
C:\Users\tylermenezes\Desktop\RfidLoginProvider\Provider\RfidCredentialProvider\x64\Debug\rc.read.1.tlog
C:\Users\tylermenezes\Desktop\RfidLoginProvider\Provider\RfidCredentialProvider\x64\Debug\rc.write.1.tlog
C:\USERS\TYLERMENEZES\DESKTOP\RFIDLOGINPROVIDER\PROVIDER\RFIDCREDENTIALPROVIDER\X64\DEBUG\REGISTRY.OBJ
C:\USERS\TYLERMENEZES\DESKTOP\RFIDLOGINPROVIDER\PROVIDER\RFIDCREDENTIALPROVIDER\X64\DEBUG\RESOURCES.RES
C:\USERS\TYLERMENEZES\DESKTOP\RFIDLOGINPROVIDER\PROVIDER\RFIDCREDENTIALPROVIDER\X64\DEBUG\RFIDCREDENTIAL.OBJ
C:\USERS\TYLERMENEZES\DESKTOP\RFIDLOGINPROVIDER\PROVIDER\RFIDCREDENTIALPROVIDER\X64\DEBUG\RFIDCREDENTIALPROVIDER.DLL.EMBED.MANIFEST
C:\USERS\TYLERMENEZES\DESKTOP\RFIDLOGINPROVIDER\PROVIDER\RFIDCREDENTIALPROVIDER\X64\DEBUG\RFIDCREDENTIALPROVIDER.DLL.EMBED.MANIFEST.RES
C:\USERS\TYLERMENEZES\DESKTOP\RFIDLOGINPROVIDER\PROVIDER\RFIDCREDENTIALPROVIDER\X64\DEBUG\RFIDCREDENTIALPROVIDER.DLL.INTERMEDIATE.MANIFEST
C:\Users\tylermenezes\Desktop\RfidLoginProvider\Provider\RfidCredentialProvider\x64\Debug\RfidCredentialProvider.write.1.tlog
C:\Users\tylermenezes\Desktop\RfidLoginProvider\Provider\RfidCredentialProvider\x64\Debug\RfidCredentialProvider_manifest.rc
C:\USERS\TYLERMENEZES\DESKTOP\RFIDLOGINPROVIDER\PROVIDER\RFIDCREDENTIALPROVIDER\X64\DEBUG\RFIDPROVIDER.OBJ
C:\USERS\TYLERMENEZES\DESKTOP\RFIDLOGINPROVIDER\PROVIDER\RFIDCREDENTIALPROVIDER\X64\DEBUG\RFIDREADER.OBJ
C:\USERS\TYLERMENEZES\DESKTOP\RFIDLOGINPROVIDER\PROVIDER\RFIDCREDENTIALPROVIDER\X64\DEBUG\SERIAL.OBJ
C:\USERS\TYLERMENEZES\DESKTOP\RFIDLOGINPROVIDER\PROVIDER\RFIDCREDENTIALPROVIDER\X64\DEBUG\SHA1.OBJ
C:\Users\tylermenezes\Desktop\RfidLoginProvider\Provider\RfidCredentialProvider\x64\Debug\vc100.idb
C:\USERS\TYLERMENEZES\DESKTOP\RFIDLOGINPROVIDER\PROVIDER\RFIDCREDENTIALPROVIDER\X64\DEBUG\VC100.PDB
C:\USERS\TYLERMENEZES\DESKTOP\RFIDLOGINPROVIDER\X64\DEBUG\RFIDCREDENTIALPROVIDER.DLL
C:\Users\tylermenezes\Desktop\RfidLoginProvider\x64\Debug\RfidCredentialProvider.exp
C:\Users\tylermenezes\Desktop\RfidLoginProvider\x64\Debug\RfidCredentialProvider.lib
C:\USERS\TYLERMENEZES\DESKTOP\RFIDLOGINPROVIDER\X64\DEBUG\RFIDCREDENTIALPROVIDER.PDB
