C:\Users\tylermenezes\Desktop\RfidLoginProvider\Provider\RfidCredentialProvider\Win32\Release\cl.command.1.tlog
C:\Users\tylermenezes\Desktop\RfidLoginProvider\Provider\RfidCredentialProvider\Win32\Release\CL.read.1.tlog
C:\Users\tylermenezes\Desktop\RfidLoginProvider\Provider\RfidCredentialProvider\Win32\Release\CL.write.1.tlog
C:\Users\tylermenezes\Desktop\RfidLoginProvider\Provider\RfidCredentialProvider\Win32\Release\Dll.obj
C:\Users\tylermenezes\Desktop\RfidLoginProvider\Provider\RfidCredentialProvider\Win32\Release\Encryption.obj
C:\Users\tylermenezes\Desktop\RfidLoginProvider\Provider\RfidCredentialProvider\Win32\Release\guid.obj
C:\Users\tylermenezes\Desktop\RfidLoginProvider\Provider\RfidCredentialProvider\Win32\Release\helpers.obj
C:\Users\tylermenezes\Desktop\RfidLoginProvider\Provider\RfidCredentialProvider\Win32\Release\link.command.1.tlog
C:\Users\tylermenezes\Desktop\RfidLoginProvider\Provider\RfidCredentialProvider\Win32\Release\link.read.1.tlog
C:\Users\tylermenezes\Desktop\RfidLoginProvider\Provider\RfidCredentialProvider\Win32\Release\link.write.1.tlog
C:\Users\tylermenezes\Desktop\RfidLoginProvider\Provider\RfidCredentialProvider\Win32\Release\link-cvtres.read.1.tlog
C:\Users\tylermenezes\Desktop\RfidLoginProvider\Provider\RfidCredentialProvider\Win32\Release\link-cvtres.write.1.tlog
C:\Users\tylermenezes\Desktop\RfidLoginProvider\Provider\RfidCredentialProvider\Win32\Release\Logger.obj
C:\Users\tylermenezes\Desktop\RfidLoginProvider\Provider\RfidCredentialProvider\Win32\Release\md5.obj
C:\Users\tylermenezes\Desktop\RfidLoginProvider\Provider\RfidCredentialProvider\Win32\Release\mt.command.1.tlog
C:\Users\tylermenezes\Desktop\RfidLoginProvider\Provider\RfidCredentialProvider\Win32\Release\mt.read.1.tlog
C:\Users\tylermenezes\Desktop\RfidLoginProvider\Provider\RfidCredentialProvider\Win32\Release\mt.write.1.tlog
C:\Users\tylermenezes\Desktop\RfidLoginProvider\Provider\RfidCredentialProvider\Win32\Release\rc.command.1.tlog
C:\Users\tylermenezes\Desktop\RfidLoginProvider\Provider\RfidCredentialProvider\Win32\Release\rc.read.1.tlog
C:\Users\tylermenezes\Desktop\RfidLoginProvider\Provider\RfidCredentialProvider\Win32\Release\rc.write.1.tlog
C:\Users\tylermenezes\Desktop\RfidLoginProvider\Provider\RfidCredentialProvider\Win32\Release\Registry.obj
C:\Users\tylermenezes\Desktop\RfidLoginProvider\Provider\RfidCredentialProvider\Win32\Release\resources.res
C:\Users\tylermenezes\Desktop\RfidLoginProvider\Provider\RfidCredentialProvider\Win32\Release\RfidCredential.obj
C:\Users\tylermenezes\Desktop\RfidLoginProvider\Provider\RfidCredentialProvider\Win32\Release\RfidCredentialProvider.dll.intermediate.manifest
C:\Users\tylermenezes\Desktop\RfidLoginProvider\Provider\RfidCredentialProvider\Win32\Release\RfidCredentialProvider.write.1.tlog
C:\Users\tylermenezes\Desktop\RfidLoginProvider\Provider\RfidCredentialProvider\Win32\Release\RfidProvider.obj
C:\Users\tylermenezes\Desktop\RfidLoginProvider\Provider\RfidCredentialProvider\Win32\Release\RfidReader.obj
C:\Users\tylermenezes\Desktop\RfidLoginProvider\Provider\RfidCredentialProvider\Win32\Release\Serial.obj
C:\Users\tylermenezes\Desktop\RfidLoginProvider\Provider\RfidCredentialProvider\Win32\Release\vc100.pdb
C:\USERS\TYLERMENEZES\DESKTOP\RFIDLOGINPROVIDER\RFIDCREDENTIALPROVIDER\WIN32\RELEASE\DLL.OBJ
C:\USERS\TYLERMENEZES\DESKTOP\RFIDLOGINPROVIDER\RFIDCREDENTIALPROVIDER\WIN32\RELEASE\ENCRYPTION.OBJ
C:\USERS\TYLERMENEZES\DESKTOP\RFIDLOGINPROVIDER\RFIDCREDENTIALPROVIDER\WIN32\RELEASE\GUID.OBJ
C:\USERS\TYLERMENEZES\DESKTOP\RFIDLOGINPROVIDER\RFIDCREDENTIALPROVIDER\WIN32\RELEASE\HELPERS.OBJ
C:\USERS\TYLERMENEZES\DESKTOP\RFIDLOGINPROVIDER\RFIDCREDENTIALPROVIDER\WIN32\RELEASE\LOGGER.OBJ
C:\USERS\TYLERMENEZES\DESKTOP\RFIDLOGINPROVIDER\RFIDCREDENTIALPROVIDER\WIN32\RELEASE\MD5.OBJ
C:\USERS\TYLERMENEZES\DESKTOP\RFIDLOGINPROVIDER\RFIDCREDENTIALPROVIDER\WIN32\RELEASE\REGISTRY.OBJ
C:\USERS\TYLERMENEZES\DESKTOP\RFIDLOGINPROVIDER\RFIDCREDENTIALPROVIDER\WIN32\RELEASE\RESOURCES.RES
C:\USERS\TYLERMENEZES\DESKTOP\RFIDLOGINPROVIDER\RFIDCREDENTIALPROVIDER\WIN32\RELEASE\RFIDCREDENTIAL.OBJ
C:\USERS\TYLERMENEZES\DESKTOP\RFIDLOGINPROVIDER\RFIDCREDENTIALPROVIDER\WIN32\RELEASE\RFIDCREDENTIALPROVIDER.DLL.INTERMEDIATE.MANIFEST
C:\USERS\TYLERMENEZES\DESKTOP\RFIDLOGINPROVIDER\RFIDCREDENTIALPROVIDER\WIN32\RELEASE\RFIDPROVIDER.OBJ
C:\USERS\TYLERMENEZES\DESKTOP\RFIDLOGINPROVIDER\RFIDCREDENTIALPROVIDER\WIN32\RELEASE\RFIDREADER.OBJ
C:\USERS\TYLERMENEZES\DESKTOP\RFIDLOGINPROVIDER\RFIDCREDENTIALPROVIDER\WIN32\RELEASE\SERIAL.OBJ
C:\USERS\TYLERMENEZES\DESKTOP\RFIDLOGINPROVIDER\RFIDCREDENTIALPROVIDER\WIN32\RELEASE\VC100.PDB
C:\USERS\TYLERMENEZES\DESKTOP\RFIDLOGINPROVIDER\WIN32\RELEASE\RFIDCREDENTIALPROVIDER.DLL
C:\Users\tylermenezes\Desktop\RfidLoginProvider\Win32\Release\RfidCredentialProvider.exp
C:\Users\tylermenezes\Desktop\RfidLoginProvider\Win32\Release\RfidCredentialProvider.lib
C:\USERS\TYLERMENEZES\DESKTOP\RFIDLOGINPROVIDER\WIN32\RELEASE\RFIDCREDENTIALPROVIDER.PDB
