C:\Users\tylermenezes\Desktop\RfidLoginProvider\Provider\CredUILauncher\x64\Debug\cl.command.1.tlog
C:\Users\tylermenezes\Desktop\RfidLoginProvider\Provider\CredUILauncher\x64\Debug\CL.read.1.tlog
C:\Users\tylermenezes\Desktop\RfidLoginProvider\Provider\CredUILauncher\x64\Debug\CL.write.1.tlog
C:\USERS\TYLERMENEZES\DESKTOP\RFIDLOGINPROVIDER\PROVIDER\CREDUILAUNCHER\X64\DEBUG\CREDUILAUNCHER.EXE.EMBED.MANIFEST
C:\USERS\TYLERMENEZES\DESKTOP\RFIDLOGINPROVIDER\PROVIDER\CREDUILAUNCHER\X64\DEBUG\CREDUILAUNCHER.EXE.EMBED.MANIFEST.RES
C:\USERS\TYLERMENEZES\DESKTOP\RFIDLOGINPROVIDER\PROVIDER\CREDUILAUNCHER\X64\DEBUG\CREDUILAUNCHER.EXE.INTERMEDIATE.MANIFEST
C:\USERS\TYLERMENEZES\DESKTOP\RFIDLOGINPROVIDER\PROVIDER\CREDUILAUNCHER\X64\DEBUG\CREDUILAUNCHER.OBJ
C:\USERS\TYLERMENEZES\DESKTOP\RFIDLOGINPROVIDER\PROVIDER\CREDUILAUNCHER\X64\DEBUG\CREDUILAUNCHER.PCH
C:\Users\tylermenezes\Desktop\RfidLoginProvider\Provider\CredUILauncher\x64\Debug\CredUILauncher_manifest.rc
C:\Users\tylermenezes\Desktop\RfidLoginProvider\Provider\CredUILauncher\x64\Debug\link.10160.read.1.tlog
C:\Users\tylermenezes\Desktop\RfidLoginProvider\Provider\CredUILauncher\x64\Debug\link.10160.write.1.tlog
C:\Users\tylermenezes\Desktop\RfidLoginProvider\Provider\CredUILauncher\x64\Debug\link.10160-cvtres.read.1.tlog
C:\Users\tylermenezes\Desktop\RfidLoginProvider\Provider\CredUILauncher\x64\Debug\link.10160-cvtres.write.1.tlog
C:\Users\tylermenezes\Desktop\RfidLoginProvider\Provider\CredUILauncher\x64\Debug\link.command.1.tlog
C:\Users\tylermenezes\Desktop\RfidLoginProvider\Provider\CredUILauncher\x64\Debug\link.read.1.tlog
C:\Users\tylermenezes\Desktop\RfidLoginProvider\Provider\CredUILauncher\x64\Debug\link.write.1.tlog
C:\Users\tylermenezes\Desktop\RfidLoginProvider\Provider\CredUILauncher\x64\Debug\link-cvtres.read.1.tlog
C:\Users\tylermenezes\Desktop\RfidLoginProvider\Provider\CredUILauncher\x64\Debug\link-cvtres.write.1.tlog
C:\Users\tylermenezes\Desktop\RfidLoginProvider\Provider\CredUILauncher\x64\Debug\mt.command.1.tlog
C:\Users\tylermenezes\Desktop\RfidLoginProvider\Provider\CredUILauncher\x64\Debug\mt.read.1.tlog
C:\Users\tylermenezes\Desktop\RfidLoginProvider\Provider\CredUILauncher\x64\Debug\mt.write.1.tlog
C:\Users\tylermenezes\Desktop\RfidLoginProvider\Provider\CredUILauncher\x64\Debug\rc.command.1.tlog
C:\Users\tylermenezes\Desktop\RfidLoginProvider\Provider\CredUILauncher\x64\Debug\rc.read.1.tlog
C:\Users\tylermenezes\Desktop\RfidLoginProvider\Provider\CredUILauncher\x64\Debug\rc.write.1.tlog
C:\USERS\TYLERMENEZES\DESKTOP\RFIDLOGINPROVIDER\PROVIDER\CREDUILAUNCHER\X64\DEBUG\STDAFX.OBJ
C:\Users\tylermenezes\Desktop\RfidLoginProvider\Provider\CredUILauncher\x64\Debug\vc100.idb
C:\USERS\TYLERMENEZES\DESKTOP\RFIDLOGINPROVIDER\PROVIDER\CREDUILAUNCHER\X64\DEBUG\VC100.PDB
C:\USERS\TYLERMENEZES\DESKTOP\RFIDLOGINPROVIDER\X64\DEBUG\CREDUILAUNCHER.EXE
C:\USERS\TYLERMENEZES\DESKTOP\RFIDLOGINPROVIDER\X64\DEBUG\CREDUILAUNCHER.ILK
C:\USERS\TYLERMENEZES\DESKTOP\RFIDLOGINPROVIDER\X64\DEBUG\CREDUILAUNCHER.PDB
